{"/home/anzeyima/Dev-Web-2024/backend/src/server.js": {"path":"/home/anzeyima/Dev-Web-2024/backend/src/server.js","statementMap":{"0":{"start":{"line":1,"column":0},"end":{"line":1,"column":27}},"1":{"start":{"line":2,"column":16},"end":{"line":2,"column":34}},"2":{"start":{"line":3,"column":13},"end":{"line":3,"column":28}},"3":{"start":{"line":4,"column":15},"end":{"line":4,"column":45}},"4":{"start":{"line":5,"column":21},"end":{"line":5,"column":57}},"5":{"start":{"line":6,"column":21},"end":{"line":6,"column":52}},"6":{"start":{"line":8,"column":12},"end":{"line":8,"column":21}},"7":{"start":{"line":11,"column":0},"end":{"line":15,"column":4}},"8":{"start":{"line":16,"column":0},"end":{"line":16,"column":24}},"9":{"start":{"line":17,"column":0},"end":{"line":17,"column":16}},"10":{"start":{"line":20,"column":0},"end":{"line":20,"column":38}},"11":{"start":{"line":23,"column":0},"end":{"line":23,"column":22}},"12":{"start":{"line":26,"column":0},"end":{"line":28,"column":3}},"13":{"start":{"line":27,"column":2},"end":{"line":27,"column":29}},"14":{"start":{"line":31,"column":0},"end":{"line":34,"column":3}},"15":{"start":{"line":32,"column":4},"end":{"line":32,"column":29}},"16":{"start":{"line":33,"column":4},"end":{"line":33,"column":56}},"17":{"start":{"line":36,"column":13},"end":{"line":36,"column":37}},"18":{"start":{"line":38,"column":0},"end":{"line":40,"column":3}},"19":{"start":{"line":39,"column":4},"end":{"line":39,"column":50}},"20":{"start":{"line":42,"column":0},"end":{"line":42,"column":21}}},"fnMap":{"0":{"name":"(anonymous_0)","decl":{"start":{"line":26,"column":23},"end":{"line":26,"column":24}},"loc":{"start":{"line":26,"column":37},"end":{"line":28,"column":1}},"line":26},"1":{"name":"(anonymous_1)","decl":{"start":{"line":31,"column":8},"end":{"line":31,"column":9}},"loc":{"start":{"line":31,"column":33},"end":{"line":34,"column":1}},"line":31},"2":{"name":"(anonymous_2)","decl":{"start":{"line":38,"column":17},"end":{"line":38,"column":18}},"loc":{"start":{"line":38,"column":23},"end":{"line":40,"column":1}},"line":38}},"branchMap":{"0":{"loc":{"start":{"line":12,"column":10},"end":{"line":14,"column":31}},"type":"cond-expr","locations":[{"start":{"line":13,"column":8},"end":{"line":13,"column":36}},{"start":{"line":14,"column":8},"end":{"line":14,"column":31}}],"line":12},"1":{"loc":{"start":{"line":36,"column":13},"end":{"line":36,"column":37}},"type":"binary-expr","locations":[{"start":{"line":36,"column":13},"end":{"line":36,"column":29}},{"start":{"line":36,"column":33},"end":{"line":36,"column":37}}],"line":36}},"s":{"0":0,"1":0,"2":0,"3":0,"4":0,"5":0,"6":0,"7":0,"8":0,"9":0,"10":0,"11":0,"12":0,"13":0,"14":0,"15":0,"16":0,"17":0,"18":0,"19":0,"20":0},"f":{"0":0,"1":0,"2":0},"b":{"0":[0,0],"1":[0,0]}}
,"/home/anzeyima/Dev-Web-2024/backend/src/config/database.js": {"path":"/home/anzeyima/Dev-Web-2024/backend/src/config/database.js","statementMap":{"0":{"start":{"line":2,"column":0},"end":{"line":2,"column":27}},"1":{"start":{"line":3,"column":17},"end":{"line":3,"column":30}},"2":{"start":{"line":5,"column":13},"end":{"line":11,"column":2}},"3":{"start":{"line":14,"column":23},"end":{"line":24,"column":1}},"4":{"start":{"line":15,"column":4},"end":{"line":23,"column":5}},"5":{"start":{"line":16,"column":23},"end":{"line":16,"column":43}},"6":{"start":{"line":17,"column":8},"end":{"line":17,"column":54}},"7":{"start":{"line":18,"column":8},"end":{"line":18,"column":25}},"8":{"start":{"line":19,"column":8},"end":{"line":19,"column":20}},"9":{"start":{"line":21,"column":8},"end":{"line":21,"column":65}},"10":{"start":{"line":22,"column":8},"end":{"line":22,"column":21}},"11":{"start":{"line":26,"column":0},"end":{"line":29,"column":2}}},"fnMap":{"0":{"name":"(anonymous_0)","decl":{"start":{"line":14,"column":23},"end":{"line":14,"column":24}},"loc":{"start":{"line":14,"column":35},"end":{"line":24,"column":1}},"line":14}},"branchMap":{},"s":{"0":1,"1":1,"2":1,"3":1,"4":1,"5":1,"6":0,"7":0,"8":0,"9":1,"10":1,"11":1},"f":{"0":1},"b":{},"_coverageSchema":"1a1c01bbd47fc00a2c39e90264f33305004495a9","hash":"14ff8ae9490cbb6689496f5956fd077698aeeaec"}
,"/home/anzeyima/Dev-Web-2024/backend/src/controllers/studioController.js": {"path":"/home/anzeyima/Dev-Web-2024/backend/src/controllers/studioController.js","statementMap":{"0":{"start":{"line":1,"column":15},"end":{"line":1,"column":42}},"1":{"start":{"line":2,"column":20},"end":{"line":2,"column":45}},"2":{"start":{"line":6,"column":8},"end":{"line":40,"column":9}},"3":{"start":{"line":7,"column":63},"end":{"line":7,"column":72}},"4":{"start":{"line":10,"column":12},"end":{"line":32,"column":13}},"5":{"start":{"line":12,"column":20},"end":{"line":16,"column":22}},"6":{"start":{"line":17,"column":20},"end":{"line":17,"column":26}},"7":{"start":{"line":19,"column":20},"end":{"line":23,"column":22}},"8":{"start":{"line":24,"column":20},"end":{"line":24,"column":26}},"9":{"start":{"line":26,"column":20},"end":{"line":26,"column":60}},"10":{"start":{"line":27,"column":20},"end":{"line":27,"column":26}},"11":{"start":{"line":29,"column":20},"end":{"line":31,"column":23}},"12":{"start":{"line":34,"column":12},"end":{"line":34,"column":30}},"13":{"start":{"line":36,"column":12},"end":{"line":36,"column":55}},"14":{"start":{"line":37,"column":12},"end":{"line":39,"column":15}},"15":{"start":{"line":44,"column":8},"end":{"line":78,"column":9}},"16":{"start":{"line":45,"column":60},"end":{"line":45,"column":69}},"17":{"start":{"line":47,"column":12},"end":{"line":51,"column":13}},"18":{"start":{"line":48,"column":16},"end":{"line":50,"column":19}},"19":{"start":{"line":53,"column":28},"end":{"line":58,"column":13}},"20":{"start":{"line":61,"column":38},"end":{"line":70,"column":15}},"21":{"start":{"line":61,"column":61},"end":{"line":70,"column":13}},"22":{"start":{"line":72,"column":12},"end":{"line":72,"column":40}},"23":{"start":{"line":74,"column":12},"end":{"line":74,"column":64}},"24":{"start":{"line":75,"column":12},"end":{"line":77,"column":15}},"25":{"start":{"line":82,"column":8},"end":{"line":97,"column":9}},"26":{"start":{"line":83,"column":27},"end":{"line":83,"column":37}},"27":{"start":{"line":84,"column":12},"end":{"line":86,"column":13}},"28":{"start":{"line":85,"column":16},"end":{"line":85,"column":80}},"29":{"start":{"line":88,"column":27},"end":{"line":88,"column":62}},"30":{"start":{"line":89,"column":12},"end":{"line":91,"column":13}},"31":{"start":{"line":90,"column":16},"end":{"line":90,"column":75}},"32":{"start":{"line":93,"column":12},"end":{"line":93,"column":36}},"33":{"start":{"line":95,"column":12},"end":{"line":95,"column":58}},"34":{"start":{"line":96,"column":12},"end":{"line":96,"column":64}},"35":{"start":{"line":101,"column":8},"end":{"line":114,"column":9}},"36":{"start":{"line":102,"column":31},"end":{"line":105,"column":13}},"37":{"start":{"line":107,"column":27},"end":{"line":107,"column":58}},"38":{"start":{"line":108,"column":12},"end":{"line":108,"column":41}},"39":{"start":{"line":110,"column":12},"end":{"line":110,"column":57}},"40":{"start":{"line":111,"column":12},"end":{"line":113,"column":15}},"41":{"start":{"line":118,"column":0},"end":{"line":118,"column":34}}},"fnMap":{"0":{"name":"(anonymous_0)","decl":{"start":{"line":5,"column":4},"end":{"line":5,"column":5}},"loc":{"start":{"line":5,"column":38},"end":{"line":41,"column":5}},"line":5},"1":{"name":"(anonymous_1)","decl":{"start":{"line":43,"column":4},"end":{"line":43,"column":5}},"loc":{"start":{"line":43,"column":47},"end":{"line":79,"column":5}},"line":43},"2":{"name":"(anonymous_2)","decl":{"start":{"line":61,"column":50},"end":{"line":61,"column":51}},"loc":{"start":{"line":61,"column":61},"end":{"line":70,"column":13}},"line":61},"3":{"name":"(anonymous_3)","decl":{"start":{"line":81,"column":4},"end":{"line":81,"column":5}},"loc":{"start":{"line":81,"column":41},"end":{"line":98,"column":5}},"line":81},"4":{"name":"(anonymous_4)","decl":{"start":{"line":100,"column":4},"end":{"line":100,"column":5}},"loc":{"start":{"line":100,"column":40},"end":{"line":115,"column":5}},"line":100}},"branchMap":{"0":{"loc":{"start":{"line":10,"column":12},"end":{"line":32,"column":13}},"type":"switch","locations":[{"start":{"line":11,"column":16},"end":{"line":17,"column":26}},{"start":{"line":18,"column":16},"end":{"line":24,"column":26}},{"start":{"line":25,"column":16},"end":{"line":27,"column":26}},{"start":{"line":28,"column":16},"end":{"line":31,"column":23}}],"line":10},"1":{"loc":{"start":{"line":45,"column":30},"end":{"line":45,"column":40}},"type":"default-arg","locations":[{"start":{"line":45,"column":39},"end":{"line":45,"column":40}}],"line":45},"2":{"loc":{"start":{"line":45,"column":42},"end":{"line":45,"column":55}},"type":"default-arg","locations":[{"start":{"line":45,"column":54},"end":{"line":45,"column":55}}],"line":45},"3":{"loc":{"start":{"line":47,"column":12},"end":{"line":51,"column":13}},"type":"if","locations":[{"start":{"line":47,"column":12},"end":{"line":51,"column":13}},{"start":{},"end":{}}],"line":47},"4":{"loc":{"start":{"line":47,"column":16},"end":{"line":47,"column":28}},"type":"binary-expr","locations":[{"start":{"line":47,"column":16},"end":{"line":47,"column":20}},{"start":{"line":47,"column":24},"end":{"line":47,"column":28}}],"line":47},"5":{"loc":{"start":{"line":76,"column":23},"end":{"line":76,"column":73}},"type":"binary-expr","locations":[{"start":{"line":76,"column":23},"end":{"line":76,"column":34}},{"start":{"line":76,"column":38},"end":{"line":76,"column":73}}],"line":76},"6":{"loc":{"start":{"line":84,"column":12},"end":{"line":86,"column":13}},"type":"if","locations":[{"start":{"line":84,"column":12},"end":{"line":86,"column":13}},{"start":{},"end":{}}],"line":84},"7":{"loc":{"start":{"line":89,"column":12},"end":{"line":91,"column":13}},"type":"if","locations":[{"start":{"line":89,"column":12},"end":{"line":91,"column":13}},{"start":{},"end":{}}],"line":89}},"s":{"0":2,"1":2,"2":0,"3":0,"4":0,"5":0,"6":0,"7":0,"8":0,"9":0,"10":0,"11":0,"12":0,"13":0,"14":0,"15":0,"16":0,"17":0,"18":0,"19":0,"20":0,"21":0,"22":0,"23":0,"24":0,"25":2,"26":2,"27":2,"28":0,"29":2,"30":1,"31":0,"32":1,"33":1,"34":1,"35":0,"36":0,"37":0,"38":0,"39":0,"40":0,"41":2},"f":{"0":0,"1":0,"2":0,"3":2,"4":0},"b":{"0":[0,0,0,0],"1":[0],"2":[0],"3":[0,0],"4":[0,0],"5":[0,0],"6":[0,2],"7":[0,1]},"_coverageSchema":"1a1c01bbd47fc00a2c39e90264f33305004495a9","hash":"dfaf5d07463954adc0fbb10a88ac4a93bfb3a435"}
,"/home/anzeyima/Dev-Web-2024/backend/src/db/seeds/test.seed.js": {"path":"/home/anzeyima/Dev-Web-2024/backend/src/db/seeds/test.seed.js","statementMap":{"0":{"start":{"line":1,"column":0},"end":{"line":1,"column":27}},"1":{"start":{"line":2,"column":57},"end":{"line":2,"column":82}},"2":{"start":{"line":4,"column":15},"end":{"line":10,"column":2}},"3":{"start":{"line":13,"column":4},"end":{"line":71,"column":5}},"4":{"start":{"line":15,"column":22},"end":{"line":20,"column":10}},"5":{"start":{"line":23,"column":24},"end":{"line":30,"column":10}},"6":{"start":{"line":33,"column":23},"end":{"line":40,"column":10}},"7":{"start":{"line":43,"column":23},"end":{"line":54,"column":10}},"8":{"start":{"line":57,"column":8},"end":{"line":63,"column":11}},"9":{"start":{"line":65,"column":8},"end":{"line":65,"column":53}},"10":{"start":{"line":67,"column":8},"end":{"line":67,"column":57}},"11":{"start":{"line":68,"column":8},"end":{"line":68,"column":20}},"12":{"start":{"line":70,"column":8},"end":{"line":70,"column":35}},"13":{"start":{"line":74,"column":0},"end":{"line":74,"column":15}}},"fnMap":{"0":{"name":"seedTestData","decl":{"start":{"line":12,"column":15},"end":{"line":12,"column":27}},"loc":{"start":{"line":12,"column":30},"end":{"line":72,"column":1}},"line":12}},"branchMap":{},"s":{"0":0,"1":0,"2":0,"3":0,"4":0,"5":0,"6":0,"7":0,"8":0,"9":0,"10":0,"11":0,"12":0,"13":0},"f":{"0":0},"b":{}}
,"/home/anzeyima/Dev-Web-2024/backend/src/middleware/errorHandler.js": {"path":"/home/anzeyima/Dev-Web-2024/backend/src/middleware/errorHandler.js","statementMap":{"0":{"start":{"line":1,"column":21},"end":{"line":24,"column":1}},"1":{"start":{"line":2,"column":4},"end":{"line":2,"column":29}},"2":{"start":{"line":4,"column":4},"end":{"line":9,"column":5}},"3":{"start":{"line":5,"column":8},"end":{"line":8,"column":11}},"4":{"start":{"line":11,"column":4},"end":{"line":16,"column":5}},"5":{"start":{"line":12,"column":8},"end":{"line":15,"column":11}},"6":{"start":{"line":18,"column":4},"end":{"line":23,"column":7}},"7":{"start":{"line":26,"column":0},"end":{"line":26,"column":30}}},"fnMap":{"0":{"name":"(anonymous_0)","decl":{"start":{"line":1,"column":21},"end":{"line":1,"column":22}},"loc":{"start":{"line":1,"column":46},"end":{"line":24,"column":1}},"line":1}},"branchMap":{"0":{"loc":{"start":{"line":4,"column":4},"end":{"line":9,"column":5}},"type":"if","locations":[{"start":{"line":4,"column":4},"end":{"line":9,"column":5}},{"start":{},"end":{}}],"line":4},"1":{"loc":{"start":{"line":11,"column":4},"end":{"line":16,"column":5}},"type":"if","locations":[{"start":{"line":11,"column":4},"end":{"line":16,"column":5}},{"start":{},"end":{}}],"line":11},"2":{"loc":{"start":{"line":20,"column":17},"end":{"line":22,"column":25}},"type":"cond-expr","locations":[{"start":{"line":21,"column":14},"end":{"line":21,"column":36}},{"start":{"line":22,"column":14},"end":{"line":22,"column":25}}],"line":20}},"s":{"0":1,"1":3,"2":3,"3":1,"4":2,"5":1,"6":1,"7":1},"f":{"0":3},"b":{"0":[1,2],"1":[1,1],"2":[0,1]},"_coverageSchema":"1a1c01bbd47fc00a2c39e90264f33305004495a9","hash":"60fb2aa4dd9215b8d60f80778c6e81168b9c6b02"}
,"/home/anzeyima/Dev-Web-2024/backend/src/middleware/logger.js": {"path":"/home/anzeyima/Dev-Web-2024/backend/src/middleware/logger.js","statementMap":{"0":{"start":{"line":1,"column":15},"end":{"line":12,"column":1}},"1":{"start":{"line":2,"column":18},"end":{"line":2,"column":28}},"2":{"start":{"line":4,"column":4},"end":{"line":9,"column":7}},"3":{"start":{"line":5,"column":25},"end":{"line":5,"column":43}},"4":{"start":{"line":6,"column":8},"end":{"line":8,"column":10}},"5":{"start":{"line":11,"column":4},"end":{"line":11,"column":11}},"6":{"start":{"line":14,"column":0},"end":{"line":14,"column":24}}},"fnMap":{"0":{"name":"(anonymous_0)","decl":{"start":{"line":1,"column":15},"end":{"line":1,"column":16}},"loc":{"start":{"line":1,"column":35},"end":{"line":12,"column":1}},"line":1},"1":{"name":"(anonymous_1)","decl":{"start":{"line":4,"column":21},"end":{"line":4,"column":22}},"loc":{"start":{"line":4,"column":27},"end":{"line":9,"column":5}},"line":4}},"branchMap":{},"s":{"0":1,"1":2,"2":2,"3":1,"4":1,"5":2,"6":1},"f":{"0":2,"1":1},"b":{},"_coverageSchema":"1a1c01bbd47fc00a2c39e90264f33305004495a9","hash":"69b7abf4f656ac8bfb44726ced001f495d868a16"}
,"/home/anzeyima/Dev-Web-2024/backend/src/middleware/validation.js": {"path":"/home/anzeyima/Dev-Web-2024/backend/src/middleware/validation.js","statementMap":{"0":{"start":{"line":1,"column":36},"end":{"line":1,"column":64}},"1":{"start":{"line":3,"column":29},"end":{"line":27,"column":1}},"2":{"start":{"line":8,"column":32},"end":{"line":8,"column":81}},"3":{"start":{"line":12,"column":32},"end":{"line":12,"column":81}},"4":{"start":{"line":16,"column":32},"end":{"line":16,"column":63}},"5":{"start":{"line":20,"column":32},"end":{"line":20,"column":63}},"6":{"start":{"line":24,"column":32},"end":{"line":24,"column":61}},"7":{"start":{"line":29,"column":32},"end":{"line":44,"column":1}},"8":{"start":{"line":46,"column":31},"end":{"line":59,"column":1}},"9":{"start":{"line":61,"column":17},"end":{"line":67,"column":1}},"10":{"start":{"line":62,"column":19},"end":{"line":62,"column":40}},"11":{"start":{"line":63,"column":4},"end":{"line":65,"column":5}},"12":{"start":{"line":64,"column":8},"end":{"line":64,"column":64}},"13":{"start":{"line":66,"column":4},"end":{"line":66,"column":11}},"14":{"start":{"line":69,"column":0},"end":{"line":74,"column":2}}},"fnMap":{"0":{"name":"(anonymous_0)","decl":{"start":{"line":8,"column":12},"end":{"line":8,"column":13}},"loc":{"start":{"line":8,"column":32},"end":{"line":8,"column":81}},"line":8},"1":{"name":"(anonymous_1)","decl":{"start":{"line":12,"column":12},"end":{"line":12,"column":13}},"loc":{"start":{"line":12,"column":32},"end":{"line":12,"column":81}},"line":12},"2":{"name":"(anonymous_2)","decl":{"start":{"line":16,"column":12},"end":{"line":16,"column":13}},"loc":{"start":{"line":16,"column":32},"end":{"line":16,"column":63}},"line":16},"3":{"name":"(anonymous_3)","decl":{"start":{"line":20,"column":12},"end":{"line":20,"column":13}},"loc":{"start":{"line":20,"column":32},"end":{"line":20,"column":63}},"line":20},"4":{"name":"(anonymous_4)","decl":{"start":{"line":24,"column":12},"end":{"line":24,"column":13}},"loc":{"start":{"line":24,"column":32},"end":{"line":24,"column":61}},"line":24},"5":{"name":"(anonymous_5)","decl":{"start":{"line":61,"column":17},"end":{"line":61,"column":18}},"loc":{"start":{"line":61,"column":37},"end":{"line":67,"column":1}},"line":61}},"branchMap":{"0":{"loc":{"start":{"line":63,"column":4},"end":{"line":65,"column":5}},"type":"if","locations":[{"start":{"line":63,"column":4},"end":{"line":65,"column":5}},{"start":{},"end":{}}],"line":63}},"s":{"0":2,"1":2,"2":2,"3":2,"4":2,"5":2,"6":2,"7":2,"8":2,"9":2,"10":0,"11":0,"12":0,"13":0,"14":2},"f":{"0":2,"1":2,"2":2,"3":2,"4":2,"5":0},"b":{"0":[0,0]},"_coverageSchema":"1a1c01bbd47fc00a2c39e90264f33305004495a9","hash":"2dae974389cd5714f7d7da8738def64512997058"}
,"/home/anzeyima/Dev-Web-2024/backend/src/models/Studio.js": {"path":"/home/anzeyima/Dev-Web-2024/backend/src/models/Studio.js","statementMap":{"0":{"start":{"line":1,"column":33},"end":{"line":1,"column":58}},"1":{"start":{"line":2,"column":15},"end":{"line":2,"column":33}},"2":{"start":{"line":6,"column":8},"end":{"line":25,"column":9}},"3":{"start":{"line":7,"column":12},"end":{"line":22,"column":14}},"4":{"start":{"line":24,"column":12},"end":{"line":24,"column":76}},"5":{"start":{"line":29,"column":8},"end":{"line":55,"column":9}},"6":{"start":{"line":30,"column":12},"end":{"line":52,"column":14}},"7":{"start":{"line":54,"column":12},"end":{"line":54,"column":80}},"8":{"start":{"line":60,"column":8},"end":{"line":79,"column":9}},"9":{"start":{"line":61,"column":12},"end":{"line":76,"column":14}},"10":{"start":{"line":78,"column":12},"end":{"line":78,"column":77}},"11":{"start":{"line":83,"column":8},"end":{"line":130,"column":9}},"12":{"start":{"line":84,"column":33},"end":{"line":84,"column":57}},"13":{"start":{"line":86,"column":12},"end":{"line":127,"column":13}},"14":{"start":{"line":88,"column":16},"end":{"line":95,"column":19}},"15":{"start":{"line":98,"column":40},"end":{"line":108,"column":18}},"16":{"start":{"line":110,"column":16},"end":{"line":112,"column":17}},"17":{"start":{"line":111,"column":20},"end":{"line":111,"column":30}},"18":{"start":{"line":115,"column":16},"end":{"line":126,"column":19}},"19":{"start":{"line":121,"column":66},"end":{"line":121,"column":80}},"20":{"start":{"line":129,"column":12},"end":{"line":129,"column":77}},"21":{"start":{"line":134,"column":8},"end":{"line":146,"column":9}},"22":{"start":{"line":135,"column":12},"end":{"line":137,"column":13}},"23":{"start":{"line":136,"column":16},"end":{"line":136,"column":57}},"24":{"start":{"line":139,"column":12},"end":{"line":143,"column":15}},"25":{"start":{"line":145,"column":12},"end":{"line":145,"column":74}},"26":{"start":{"line":150,"column":8},"end":{"line":168,"column":9}},"27":{"start":{"line":151,"column":12},"end":{"line":165,"column":15}},"28":{"start":{"line":167,"column":12},"end":{"line":167,"column":69}},"29":{"start":{"line":172,"column":0},"end":{"line":172,"column":24}}},"fnMap":{"0":{"name":"(anonymous_0)","decl":{"start":{"line":5,"column":4},"end":{"line":5,"column":5}},"loc":{"start":{"line":5,"column":50},"end":{"line":26,"column":5}},"line":5},"1":{"name":"(anonymous_1)","decl":{"start":{"line":28,"column":4},"end":{"line":28,"column":5}},"loc":{"start":{"line":28,"column":81},"end":{"line":56,"column":5}},"line":28},"2":{"name":"(anonymous_2)","decl":{"start":{"line":59,"column":4},"end":{"line":59,"column":5}},"loc":{"start":{"line":59,"column":44},"end":{"line":80,"column":5}},"line":59},"3":{"name":"(anonymous_3)","decl":{"start":{"line":82,"column":4},"end":{"line":82,"column":5}},"loc":{"start":{"line":82,"column":40},"end":{"line":131,"column":5}},"line":82},"4":{"name":"(anonymous_4)","decl":{"start":{"line":121,"column":60},"end":{"line":121,"column":61}},"loc":{"start":{"line":121,"column":66},"end":{"line":121,"column":80}},"line":121},"5":{"name":"(anonymous_5)","decl":{"start":{"line":133,"column":4},"end":{"line":133,"column":5}},"loc":{"start":{"line":133,"column":30},"end":{"line":147,"column":5}},"line":133},"6":{"name":"(anonymous_6)","decl":{"start":{"line":149,"column":4},"end":{"line":149,"column":5}},"loc":{"start":{"line":149,"column":36},"end":{"line":169,"column":5}},"line":149}},"branchMap":{"0":{"loc":{"start":{"line":5,"column":38},"end":{"line":5,"column":48}},"type":"default-arg","locations":[{"start":{"line":5,"column":47},"end":{"line":5,"column":48}}],"line":5},"1":{"loc":{"start":{"line":28,"column":54},"end":{"line":28,"column":64}},"type":"default-arg","locations":[{"start":{"line":28,"column":63},"end":{"line":28,"column":64}}],"line":28},"2":{"loc":{"start":{"line":28,"column":66},"end":{"line":28,"column":79}},"type":"default-arg","locations":[{"start":{"line":28,"column":78},"end":{"line":28,"column":79}}],"line":28},"3":{"loc":{"start":{"line":86,"column":12},"end":{"line":127,"column":13}},"type":"if","locations":[{"start":{"line":86,"column":12},"end":{"line":127,"column":13}},{"start":{"line":96,"column":19},"end":{"line":127,"column":13}}],"line":86},"4":{"loc":{"start":{"line":110,"column":16},"end":{"line":112,"column":17}},"type":"if","locations":[{"start":{"line":110,"column":16},"end":{"line":112,"column":17}},{"start":{},"end":{}}],"line":110},"5":{"loc":{"start":{"line":135,"column":12},"end":{"line":137,"column":13}},"type":"if","locations":[{"start":{"line":135,"column":12},"end":{"line":137,"column":13}},{"start":{},"end":{}}],"line":135},"6":{"loc":{"start":{"line":141,"column":24},"end":{"line":141,"column":66}},"type":"cond-expr","locations":[{"start":{"line":141,"column":49},"end":{"line":141,"column":61}},{"start":{"line":141,"column":64},"end":{"line":141,"column":66}}],"line":141}},"s":{"0":3,"1":3,"2":0,"3":0,"4":0,"5":0,"6":0,"7":0,"8":0,"9":0,"10":0,"11":0,"12":0,"13":0,"14":0,"15":0,"16":0,"17":0,"18":0,"19":0,"20":0,"21":2,"22":2,"23":1,"24":1,"25":1,"26":1,"27":1,"28":1,"29":3},"f":{"0":0,"1":0,"2":0,"3":0,"4":0,"5":2,"6":1},"b":{"0":[0],"1":[0],"2":[0],"3":[0,0],"4":[0,0],"5":[1,1],"6":[0,1]},"_coverageSchema":"1a1c01bbd47fc00a2c39e90264f33305004495a9","hash":"66800e1a67cace9632a9e3b7ec23d1a24e63d4f0"}
,"/home/anzeyima/Dev-Web-2024/backend/src/routes/api/studios.js": {"path":"/home/anzeyima/Dev-Web-2024/backend/src/routes/api/studios.js","statementMap":{"0":{"start":{"line":1,"column":16},"end":{"line":1,"column":34}},"1":{"start":{"line":2,"column":15},"end":{"line":2,"column":31}},"2":{"start":{"line":3,"column":25},"end":{"line":3,"column":70}},"3":{"start":{"line":4,"column":68},"end":{"line":4,"column":106}},"4":{"start":{"line":7,"column":0},"end":{"line":7,"column":83}},"5":{"start":{"line":10,"column":0},"end":{"line":10,"column":99}},"6":{"start":{"line":13,"column":0},"end":{"line":13,"column":51}},"7":{"start":{"line":15,"column":0},"end":{"line":15,"column":24}}},"fnMap":{},"branchMap":{},"s":{"0":1,"1":1,"2":1,"3":1,"4":1,"5":1,"6":1,"7":1},"f":{},"b":{},"_coverageSchema":"1a1c01bbd47fc00a2c39e90264f33305004495a9","hash":"26aa3fef5ed958321d04b1294d90c63ec3b9e4cd"}
}
