TN:
SF:src/server.js
FN:26,(anonymous_0)
FN:31,(anonymous_1)
FN:38,(anonymous_2)
FNF:3
FNH:0
FNDA:0,(anonymous_0)
FNDA:0,(anonymous_1)
FNDA:0,(anonymous_2)
DA:1,0
DA:2,0
DA:3,0
DA:4,0
DA:5,0
DA:6,0
DA:8,0
DA:11,0
DA:16,0
DA:17,0
DA:20,0
DA:23,0
DA:26,0
DA:27,0
DA:31,0
DA:32,0
DA:33,0
DA:36,0
DA:38,0
DA:39,0
DA:42,0
LF:21
LH:0
BRDA:12,0,0,0
BRDA:12,0,1,0
BRDA:36,1,0,0
BRDA:36,1,1,0
BRF:4
BRH:0
end_of_record
TN:
SF:src/config/database.js
FN:14,(anonymous_0)
FNF:1
FNH:1
FNDA:1,(anonymous_0)
DA:2,1
DA:3,1
DA:5,1
DA:14,1
DA:15,1
DA:16,1
DA:17,0
DA:18,0
DA:19,0
DA:21,1
DA:22,1
DA:26,1
LF:12
LH:9
BRF:0
BRH:0
end_of_record
TN:
SF:src/controllers/studioController.js
FN:5,(anonymous_0)
FN:43,(anonymous_1)
FN:61,(anonymous_2)
FN:81,(anonymous_3)
FN:100,(anonymous_4)
FNF:5
FNH:1
FNDA:0,(anonymous_0)
FNDA:0,(anonymous_1)
FNDA:0,(anonymous_2)
FNDA:2,(anonymous_3)
FNDA:0,(anonymous_4)
DA:1,2
DA:2,2
DA:6,0
DA:7,0
DA:10,0
DA:12,0
DA:17,0
DA:19,0
DA:24,0
DA:26,0
DA:27,0
DA:29,0
DA:34,0
DA:36,0
DA:37,0
DA:44,0
DA:45,0
DA:47,0
DA:48,0
DA:53,0
DA:61,0
DA:72,0
DA:74,0
DA:75,0
DA:82,2
DA:83,2
DA:84,2
DA:85,0
DA:88,2
DA:89,1
DA:90,0
DA:93,1
DA:95,1
DA:96,1
DA:101,0
DA:102,0
DA:107,0
DA:108,0
DA:110,0
DA:111,0
DA:118,2
LF:41
LH:11
BRDA:10,0,0,0
BRDA:10,0,1,0
BRDA:10,0,2,0
BRDA:10,0,3,0
BRDA:45,1,0,0
BRDA:45,2,0,0
BRDA:47,3,0,0
BRDA:47,3,1,0
BRDA:47,4,0,0
BRDA:47,4,1,0
BRDA:76,5,0,0
BRDA:76,5,1,0
BRDA:84,6,0,0
BRDA:84,6,1,2
BRDA:89,7,0,0
BRDA:89,7,1,1
BRF:16
BRH:2
end_of_record
TN:
SF:src/db/seeds/test.seed.js
FN:12,seedTestData
FNF:1
FNH:0
FNDA:0,seedTestData
DA:1,0
DA:2,0
DA:4,0
DA:13,0
DA:15,0
DA:23,0
DA:33,0
DA:43,0
DA:57,0
DA:65,0
DA:67,0
DA:68,0
DA:70,0
DA:74,0
LF:14
LH:0
BRF:0
BRH:0
end_of_record
TN:
SF:src/middleware/errorHandler.js
FN:1,(anonymous_0)
FNF:1
FNH:1
FNDA:3,(anonymous_0)
DA:1,1
DA:2,3
DA:4,3
DA:5,1
DA:11,2
DA:12,1
DA:18,1
DA:26,1
LF:8
LH:8
BRDA:4,0,0,1
BRDA:4,0,1,2
BRDA:11,1,0,1
BRDA:11,1,1,1
BRDA:20,2,0,0
BRDA:20,2,1,1
BRF:6
BRH:5
end_of_record
TN:
SF:src/middleware/logger.js
FN:1,(anonymous_0)
FN:4,(anonymous_1)
FNF:2
FNH:2
FNDA:2,(anonymous_0)
FNDA:1,(anonymous_1)
DA:1,1
DA:2,2
DA:4,2
DA:5,1
DA:6,1
DA:11,2
DA:14,1
LF:7
LH:7
BRF:0
BRH:0
end_of_record
TN:
SF:src/middleware/validation.js
FN:8,(anonymous_0)
FN:12,(anonymous_1)
FN:16,(anonymous_2)
FN:20,(anonymous_3)
FN:24,(anonymous_4)
FN:61,(anonymous_5)
FNF:6
FNH:5
FNDA:2,(anonymous_0)
FNDA:2,(anonymous_1)
FNDA:2,(anonymous_2)
FNDA:2,(anonymous_3)
FNDA:2,(anonymous_4)
FNDA:0,(anonymous_5)
DA:1,2
DA:3,2
DA:8,2
DA:12,2
DA:16,2
DA:20,2
DA:24,2
DA:29,2
DA:46,2
DA:61,2
DA:62,0
DA:63,0
DA:64,0
DA:66,0
DA:69,2
LF:15
LH:11
BRDA:63,0,0,0
BRDA:63,0,1,0
BRF:2
BRH:0
end_of_record
TN:
SF:src/models/Studio.js
FN:5,(anonymous_0)
FN:28,(anonymous_1)
FN:59,(anonymous_2)
FN:82,(anonymous_3)
FN:121,(anonymous_4)
FN:133,(anonymous_5)
FN:149,(anonymous_6)
FNF:7
FNH:2
FNDA:0,(anonymous_0)
FNDA:0,(anonymous_1)
FNDA:0,(anonymous_2)
FNDA:0,(anonymous_3)
FNDA:0,(anonymous_4)
FNDA:2,(anonymous_5)
FNDA:1,(anonymous_6)
DA:1,3
DA:2,3
DA:6,0
DA:7,0
DA:24,0
DA:29,0
DA:30,0
DA:54,0
DA:60,0
DA:61,0
DA:78,0
DA:83,0
DA:84,0
DA:86,0
DA:88,0
DA:98,0
DA:110,0
DA:111,0
DA:115,0
DA:121,0
DA:129,0
DA:134,2
DA:135,2
DA:136,1
DA:139,1
DA:145,1
DA:150,1
DA:151,1
DA:167,1
DA:172,3
LF:30
LH:11
BRDA:5,0,0,0
BRDA:28,1,0,0
BRDA:28,2,0,0
BRDA:86,3,0,0
BRDA:86,3,1,0
BRDA:110,4,0,0
BRDA:110,4,1,0
BRDA:135,5,0,1
BRDA:135,5,1,1
BRDA:141,6,0,0
BRDA:141,6,1,1
BRF:11
BRH:3
end_of_record
TN:
SF:src/routes/api/studios.js
FNF:0
FNH:0
DA:1,1
DA:2,1
DA:3,1
DA:4,1
DA:7,1
DA:10,1
DA:13,1
DA:15,1
LF:8
LH:8
BRF:0
BRH:0
end_of_record
